Last updated on Sat Feb 28 14:37:11 UTC 2026
Last updated on Sun Mar  1 03:37:15 UTC 2026
Last updated on Sun Mar  1 04:34:09 UTC 2026
Last updated on Sun Mar  1 04:38:48 UTC 2026
Last updated on Sun Mar  1 05:12:10 UTC 2026
Last updated on Sun Mar  1 05:32:22 UTC 2026
Last updated on Mon Mar  2 05:30:31 UTC 2026
Last updated on Tue Mar  3 05:19:57 UTC 2026
Last updated on Wed Mar  4 05:14:21 UTC 2026
Last updated on Thu Mar  5 05:18:35 UTC 2026
Last updated on Fri Mar  6 05:15:14 UTC 2026
Last updated on Sat Mar  7 05:08:45 UTC 2026
Last updated on Sun Mar  8 05:15:15 UTC 2026
Last updated on Mon Mar  9 05:35:20 UTC 2026
Last updated on Tue Mar 10 05:16:10 UTC 2026
Last updated on Wed Mar 11 05:17:41 UTC 2026
Last updated on Thu Mar 12 05:30:52 UTC 2026
Last updated on Fri Mar 13 05:19:01 UTC 2026
Last updated on Sat Mar 14 05:16:25 UTC 2026
Last updated on Sun Mar 15 05:45:59 UTC 2026
Last updated on Mon Mar 16 05:57:50 UTC 2026
Last updated on Tue Mar 17 05:37:52 UTC 2026
Last updated on Wed Mar 18 05:42:03 UTC 2026
Last updated on Thu Mar 19 05:38:34 UTC 2026
Last updated on Fri Mar 20 05:30:45 UTC 2026
Last updated on Sat Mar 21 05:13:04 UTC 2026
Last updated on Sun Mar 22 05:33:26 UTC 2026
Last updated on Mon Mar 23 05:48:17 UTC 2026
Last updated on Tue Mar 24 05:38:45 UTC 2026
Last updated on Wed Mar 25 05:39:34 UTC 2026
Last updated on Thu Mar 26 05:50:41 UTC 2026
Last updated on Fri Mar 27 05:51:16 UTC 2026
Last updated on Sat Mar 28 05:35:53 UTC 2026
Last updated on Sun Mar 29 05:52:28 UTC 2026
Last updated on Mon Mar 30 06:09:28 UTC 2026
Last updated on Tue Mar 31 05:54:48 UTC 2026
Last updated on Wed Apr  1 06:04:03 UTC 2026
Last updated on Thu Apr  2 05:50:02 UTC 2026
Last updated on Fri Apr  3 05:50:11 UTC 2026
Last updated on Sat Apr  4 05:35:50 UTC 2026
Last updated on Sun Apr  5 05:53:54 UTC 2026
Last updated on Mon Apr  6 06:09:46 UTC 2026
Last updated on Tue Apr  7 05:56:39 UTC 2026
Last updated on Wed Apr  8 05:58:54 UTC 2026
Last updated on Thu Apr  9 05:58:15 UTC 2026
Last updated on Fri Apr 10 06:09:37 UTC 2026
Last updated on Sat Apr 11 05:40:17 UTC 2026
Last updated on Sun Apr 12 06:03:19 UTC 2026
Last updated on Mon Apr 13 06:27:13 UTC 2026
Last updated on Tue Apr 14 06:11:39 UTC 2026
Last updated on Wed Apr 15 06:11:45 UTC 2026
Last updated on Thu Apr 16 06:14:06 UTC 2026
Last updated on Fri Apr 17 06:14:27 UTC 2026
Last updated on Sat Apr 18 05:51:04 UTC 2026
Last updated on Sun Apr 19 06:09:05 UTC 2026
Last updated on Mon Apr 20 06:27:34 UTC 2026
Last updated on Tue Apr 21 06:14:16 UTC 2026
Last updated on Wed Apr 22 06:11:51 UTC 2026
Last updated on Thu Apr 23 06:17:26 UTC 2026
Last updated on Fri Apr 24 06:20:41 UTC 2026
Last updated on Sat Apr 25 05:59:19 UTC 2026
Last updated on Sun Apr 26 06:19:47 UTC 2026
